2025-10-09T17:22:06.554+07:00  INFO 22188 --- [qr_menu] [restartedMain] persional.qr_menu.QrMenuApplication      : Starting QrMenuApplication using Java 21.0.1 with PID 22188 (D:\School\Spring Boot\Qr-Menu-API\target\classes started by Nimith-Oeun in D:\School\Spring Boot\Qr-Menu-API)
2025-10-09T17:22:06.558+07:00  INFO 22188 --- [qr_menu] [restartedMain] persional.qr_menu.QrMenuApplication      : The following 1 profile is active: "dev"
2025-10-09T17:22:06.615+07:00  INFO 22188 --- [qr_menu] [restartedMain] .e.DevToolsPropertyDefaultsPostProcessor : Devtools property defaults active! Set 'spring.devtools.add-properties' to 'false' to disable
2025-10-09T17:22:06.615+07:00  INFO 22188 --- [qr_menu] [restartedMain] .e.DevToolsPropertyDefaultsPostProcessor : For additional web related logging consider setting the 'logging.level.web' property to 'DEBUG'
2025-10-09T17:22:07.947+07:00  INFO 22188 --- [qr_menu] [restartedMain] .s.d.r.c.RepositoryConfigurationDelegate : Multiple Spring Data modules found, entering strict repository configuration mode
2025-10-09T17:22:07.948+07:00  INFO 22188 --- [qr_menu] [restartedMain] .s.d.r.c.RepositoryConfigurationDelegate : Bootstrapping Spring Data JPA repositories in DEFAULT mode.
2025-10-09T17:22:08.094+07:00  INFO 22188 --- [qr_menu] [restartedMain] .s.d.r.c.RepositoryConfigurationDelegate : Finished Spring Data repository scanning in 137 ms. Found 1 JPA repository interface.
2025-10-09T17:22:08.107+07:00  INFO 22188 --- [qr_menu] [restartedMain] .s.d.r.c.RepositoryConfigurationDelegate : Multiple Spring Data modules found, entering strict repository configuration mode
2025-10-09T17:22:08.108+07:00  INFO 22188 --- [qr_menu] [restartedMain] .s.d.r.c.RepositoryConfigurationDelegate : Bootstrapping Spring Data Redis repositories in DEFAULT mode.
2025-10-09T17:22:08.123+07:00  INFO 22188 --- [qr_menu] [restartedMain] .RepositoryConfigurationExtensionSupport : Spring Data Redis - Could not safely identify store assignment for repository candidate interface persional.qr_menu.repository.MenuItemRepository; If you want this repository to be a Redis repository, consider annotating your entities with one of these annotations: org.springframework.data.redis.core.RedisHash (preferred), or consider extending one of the following types with your repository: org.springframework.data.keyvalue.repository.KeyValueRepository
2025-10-09T17:22:08.123+07:00  INFO 22188 --- [qr_menu] [restartedMain] .s.d.r.c.RepositoryConfigurationDelegate : Finished Spring Data repository scanning in 5 ms. Found 0 Redis repository interfaces.
2025-10-09T17:22:08.824+07:00  INFO 22188 --- [qr_menu] [restartedMain] o.s.b.w.embedded.tomcat.TomcatWebServer  : Tomcat initialized with port 8090 (http)
2025-10-09T17:22:08.838+07:00  INFO 22188 --- [qr_menu] [restartedMain] o.apache.catalina.core.StandardService   : Starting service [Tomcat]
2025-10-09T17:22:08.839+07:00  INFO 22188 --- [qr_menu] [restartedMain] o.apache.catalina.core.StandardEngine    : Starting Servlet engine: [Apache Tomcat/10.1.43]
2025-10-09T17:22:08.880+07:00  INFO 22188 --- [qr_menu] [restartedMain] o.a.c.c.C.[Tomcat].[localhost].[/]       : Initializing Spring embedded WebApplicationContext
2025-10-09T17:22:08.880+07:00  INFO 22188 --- [qr_menu] [restartedMain] w.s.c.ServletWebServerApplicationContext : Root WebApplicationContext: initialization completed in 2264 ms
2025-10-09T17:22:09.122+07:00  INFO 22188 --- [qr_menu] [restartedMain] o.hibernate.jpa.internal.util.LogHelper  : HHH000204: Processing PersistenceUnitInfo [name: default]
2025-10-09T17:22:09.178+07:00  INFO 22188 --- [qr_menu] [restartedMain] org.hibernate.Version                    : HHH000412: Hibernate ORM core version 6.6.22.Final
2025-10-09T17:22:09.212+07:00  INFO 22188 --- [qr_menu] [restartedMain] o.h.c.internal.RegionFactoryInitiator    : HHH000026: Second-level cache disabled
2025-10-09T17:22:09.507+07:00  INFO 22188 --- [qr_menu] [restartedMain] o.s.o.j.p.SpringPersistenceUnitInfo      : No LoadTimeWeaver setup: ignoring JPA class transformer
2025-10-09T17:22:09.545+07:00  INFO 22188 --- [qr_menu] [restartedMain] com.zaxxer.hikari.HikariDataSource       : HikariPool-1 - Starting...
2025-10-09T17:22:10.584+07:00  INFO 22188 --- [qr_menu] [restartedMain] com.zaxxer.hikari.pool.HikariPool        : HikariPool-1 - Added connection org.postgresql.jdbc.PgConnection@3d2846f
2025-10-09T17:22:10.585+07:00  INFO 22188 --- [qr_menu] [restartedMain] com.zaxxer.hikari.HikariDataSource       : HikariPool-1 - Start completed.
2025-10-09T17:22:10.666+07:00  WARN 22188 --- [qr_menu] [restartedMain] org.hibernate.orm.deprecation            : HHH90000025: PostgreSQLDialect does not need to be specified explicitly using 'hibernate.dialect' (remove the property setting and it will be selected by default)
2025-10-09T17:22:10.791+07:00  INFO 22188 --- [qr_menu] [restartedMain] org.hibernate.orm.connections.pooling    : HHH10001005: Database info:
	Database JDBC URL [Connecting through datasource 'HikariDataSource (HikariPool-1)']
	Database driver: undefined/unknown
	Database version: 17.6
	Autocommit mode: undefined/unknown
	Isolation level: undefined/unknown
	Minimum pool size: undefined/unknown
	Maximum pool size: undefined/unknown
2025-10-09T17:22:11.611+07:00  INFO 22188 --- [qr_menu] [restartedMain] o.h.e.t.j.p.i.JtaPlatformInitiator       : HHH000489: No JTA platform available (set 'hibernate.transaction.jta.platform' to enable JTA platform integration)
2025-10-09T17:22:11.842+07:00  INFO 22188 --- [qr_menu] [restartedMain] j.LocalContainerEntityManagerFactoryBean : Initialized JPA EntityManagerFactory for persistence unit 'default'
2025-10-09T17:22:12.251+07:00  INFO 22188 --- [qr_menu] [restartedMain] o.s.d.j.r.query.QueryEnhancerFactory     : Hibernate is in classpath; If applicable, HQL parser will be used.
2025-10-09T17:22:12.864+07:00  WARN 22188 --- [qr_menu] [restartedMain] JpaBaseConfiguration$JpaWebConfiguration : spring.jpa.open-in-view is enabled by default. Therefore, database queries may be performed during view rendering. Explicitly configure spring.jpa.open-in-view to disable this warning
2025-10-09T17:22:12.894+07:00  INFO 22188 --- [qr_menu] [restartedMain] o.s.b.a.w.s.WelcomePageHandlerMapping    : Adding welcome page template: index
2025-10-09T17:22:13.708+07:00  INFO 22188 --- [qr_menu] [restartedMain] o.s.b.d.a.OptionalLiveReloadServer       : LiveReload server is running on port 35729
2025-10-09T17:22:13.713+07:00  INFO 22188 --- [qr_menu] [restartedMain] o.s.b.a.e.web.EndpointLinksResolver      : Exposing 3 endpoints beneath base path '/actuator'
2025-10-09T17:22:13.793+07:00  INFO 22188 --- [qr_menu] [restartedMain] o.s.b.w.embedded.tomcat.TomcatWebServer  : Tomcat started on port 8090 (http) with context path '/'
2025-10-09T17:22:13.804+07:00  INFO 22188 --- [qr_menu] [restartedMain] persional.qr_menu.QrMenuApplication      : Started QrMenuApplication in 7.917 seconds (process running for 8.914)
2025-10-09T17:22:14.259+07:00  INFO 22188 --- [qr_menu] [RMI TCP Connection(1)-192.168.1.175] o.a.c.c.C.[Tomcat].[localhost].[/]       : Initializing Spring DispatcherServlet 'dispatcherServlet'
2025-10-09T17:22:14.259+07:00  INFO 22188 --- [qr_menu] [RMI TCP Connection(1)-192.168.1.175] o.s.web.servlet.DispatcherServlet        : Initializing Servlet 'dispatcherServlet'
2025-10-09T17:22:14.260+07:00  INFO 22188 --- [qr_menu] [RMI TCP Connection(1)-192.168.1.175] o.s.web.servlet.DispatcherServlet        : Completed initialization in 1 ms
2025-10-09T17:23:56.128+07:00  INFO 22188 --- [qr_menu] [SpringApplicationShutdownHook] o.s.b.w.e.tomcat.GracefulShutdown        : Commencing graceful shutdown. Waiting for active requests to complete
2025-10-09T17:23:56.143+07:00  INFO 22188 --- [qr_menu] [tomcat-shutdown] o.s.b.w.e.tomcat.GracefulShutdown        : Graceful shutdown complete
2025-10-09T17:23:56.155+07:00  INFO 22188 --- [qr_menu] [SpringApplicationShutdownHook] j.LocalContainerEntityManagerFactoryBean : Closing JPA EntityManagerFactory for persistence unit 'default'
2025-10-09T17:23:56.158+07:00  INFO 22188 --- [qr_menu] [SpringApplicationShutdownHook] com.zaxxer.hikari.HikariDataSource       : HikariPool-1 - Shutdown initiated...
2025-10-09T17:24:00.552+07:00  INFO 22188 --- [qr_menu] [SpringApplicationShutdownHook] com.zaxxer.hikari.HikariDataSource       : HikariPool-1 - Shutdown completed.
